<?xml version="1.0" encoding="UTF-8"?>
<testng-results skipped="0" failed="0" ignored="0" total="2" passed="2">
  <reporter-output>
  </reporter-output>
  <suite name="Default suite" duration-ms="100" started-at="2019-08-01T13:19:31Z" finished-at="2019-08-01T13:19:31Z">
    <groups>
    </groups>
    <test name="Default test" duration-ms="100" started-at="2019-08-01T13:19:31Z" finished-at="2019-08-01T13:19:31Z">
      <class name="seleniumTopics.MavenDemo_1">
        <test-method status="PASS" signature="MavenDemo1()[pri:0, instance:seleniumTopics.MavenDemo_1@d94a8b]" name="MavenDemo1" duration-ms="22" started-at="2019-08-01T13:19:31Z" finished-at="2019-08-01T13:19:31Z">
          <reporter-output>
          </reporter-output>
        </test-method> <!-- MavenDemo1 -->
      </class> <!-- seleniumTopics.MavenDemo_1 -->
      <class name="seleniumTopics.MavenDemo_2">
        <test-method status="PASS" signature="MavenDemo2()[pri:0, instance:seleniumTopics.MavenDemo_2@82d64]" name="MavenDemo2" duration-ms="0" started-at="2019-08-01T13:19:31Z" finished-at="2019-08-01T13:19:31Z">
          <reporter-output>
          </reporter-output>
        </test-method> <!-- MavenDemo2 -->
      </class> <!-- seleniumTopics.MavenDemo_2 -->
    </test> <!-- Default test -->
  </suite> <!-- Default suite -->
</testng-results>
