<?xml version="1.0" encoding="UTF-8"?>
<!-- Generated by org.testng.reporters.JUnitXMLReporter -->
<testsuite hostname="aa-PC" name="RunFailedTestCasesMultipleTimes" tests="2" failures="0" timestamp="16 Aug 2019 16:20:24 GMT" time="55.086" errors="0">
  <testcase name="Google" time="16.434" classname="seleniumTopics.RunFailedTestCasesMultipleTimes">
    <skipped/>
  </testcase> <!-- Google -->
  <testcase name="Google" time="13.581" classname="seleniumTopics.RunFailedTestCasesMultipleTimes">
    <skipped/>
  </testcase> <!-- Google -->
</testsuite> <!-- RunFailedTestCasesMultipleTimes -->
